/usr/bin/cmake -S/home/biblbrox/Tesis/robot_controller/src/c -B/home/biblbrox/Tesis/robot_controller/src/c/build/nodegraph --check-build-system CMakeFiles/Makefile.cmake 0
/usr/bin/cmake -E cmake_progress_start /home/biblbrox/Tesis/robot_controller/src/c/build/nodegraph/CMakeFiles /home/biblbrox/Tesis/robot_controller/src/c/build/nodegraph//CMakeFiles/progress.marks
/usr/bin/gmake  -f CMakeFiles/Makefile2 all
gmake[1]: Entering directory '/home/biblbrox/Tesis/robot_controller/src/c/build/nodegraph'
/usr/bin/gmake  -f CMakeFiles/nodegraph.dir/build.make CMakeFiles/nodegraph.dir/depend
gmake[2]: Entering directory '/home/biblbrox/Tesis/robot_controller/src/c/build/nodegraph'
cd /home/biblbrox/Tesis/robot_controller/src/c/build/nodegraph && /usr/bin/cmake -E cmake_depends "Unix Makefiles" /home/biblbrox/Tesis/robot_controller/src/c /home/biblbrox/Tesis/robot_controller/src/c /home/biblbrox/Tesis/robot_controller/src/c/build/nodegraph /home/biblbrox/Tesis/robot_controller/src/c/build/nodegraph /home/biblbrox/Tesis/robot_controller/src/c/build/nodegraph/CMakeFiles/nodegraph.dir/DependInfo.cmake --color=
[35m[1mConsolidate compiler generated dependencies of target nodegraph[0m
gmake[2]: Leaving directory '/home/biblbrox/Tesis/robot_controller/src/c/build/nodegraph'
/usr/bin/gmake  -f CMakeFiles/nodegraph.dir/build.make CMakeFiles/nodegraph.dir/build
gmake[2]: Entering directory '/home/biblbrox/Tesis/robot_controller/src/c/build/nodegraph'
[ 25%] [32mBuilding CXX object CMakeFiles/nodegraph.dir/src/discovery_domain_listener.cpp.o[0m
[ 50%] [32mBuilding CXX object CMakeFiles/nodegraph.dir/src/discovery_server.cpp.o[0m
/usr/bin/c++ -DDEFAULT_RMW_IMPLEMENTATION=rmw_fastrtps_cpp -DFOONATHAN_MEMORY=1 -DFOONATHAN_MEMORY_VERSION_MAJOR=0 -DFOONATHAN_MEMORY_VERSION_MINOR=7 -DFOONATHAN_MEMORY_VERSION_PATCH=1 -DRCUTILS_ENABLE_FAULT_INJECTION -Dnodegraph_EXPORTS -I/opt/ros/humble/include -isystem /opt/ros/humble/include/fastrtps -isystem /opt/ros/humble/include/rclcpp -isystem /opt/ros/humble/include/sensor_msgs -isystem /opt/ros/humble/include/fastcdr -isystem /opt/ros/humble/include/foonathan_memory -isystem /opt/ros/humble/include/ament_index_cpp -isystem /opt/ros/humble/include/libstatistics_collector -isystem /opt/ros/humble/include/builtin_interfaces -isystem /opt/ros/humble/include/rosidl_runtime_c -isystem /opt/ros/humble/include/rcutils -isystem /opt/ros/humble/include/rosidl_typesupport_interface -isystem /opt/ros/humble/include/rosidl_runtime_cpp -isystem /opt/ros/humble/include/rosidl_typesupport_fastrtps_cpp -isystem /opt/ros/humble/include/rmw -isystem /opt/ros/humble/include/rosidl_typesupport_fastrtps_c -isystem /opt/ros/humble/include/rosidl_typesupport_introspection_c -isystem /opt/ros/humble/include/rosidl_typesupport_introspection_cpp -isystem /opt/ros/humble/include/rcl -isystem /opt/ros/humble/include/rcl_interfaces -isystem /opt/ros/humble/include/rcl_logging_interface -isystem /opt/ros/humble/include/rcl_yaml_param_parser -isystem /opt/ros/humble/include/libyaml_vendor -isystem /opt/ros/humble/include/tracetools -isystem /opt/ros/humble/include/rcpputils -isystem /opt/ros/humble/include/statistics_msgs -isystem /opt/ros/humble/include/rosgraph_msgs -isystem /opt/ros/humble/include/rosidl_typesupport_cpp -isystem /opt/ros/humble/include/rosidl_typesupport_c -isystem /opt/ros/humble/include/geometry_msgs -isystem /opt/ros/humble/include/std_msgs -fPIC -Wall -Wextra -Wpedantic -MD -MT CMakeFiles/nodegraph.dir/src/discovery_domain_listener.cpp.o -MF CMakeFiles/nodegraph.dir/src/discovery_domain_listener.cpp.o.d -o CMakeFiles/nodegraph.dir/src/discovery_domain_listener.cpp.o -c /home/biblbrox/Tesis/robot_controller/src/c/src/discovery_domain_listener.cpp
/usr/bin/c++ -DDEFAULT_RMW_IMPLEMENTATION=rmw_fastrtps_cpp -DFOONATHAN_MEMORY=1 -DFOONATHAN_MEMORY_VERSION_MAJOR=0 -DFOONATHAN_MEMORY_VERSION_MINOR=7 -DFOONATHAN_MEMORY_VERSION_PATCH=1 -DRCUTILS_ENABLE_FAULT_INJECTION -Dnodegraph_EXPORTS -I/opt/ros/humble/include -isystem /opt/ros/humble/include/fastrtps -isystem /opt/ros/humble/include/rclcpp -isystem /opt/ros/humble/include/sensor_msgs -isystem /opt/ros/humble/include/fastcdr -isystem /opt/ros/humble/include/foonathan_memory -isystem /opt/ros/humble/include/ament_index_cpp -isystem /opt/ros/humble/include/libstatistics_collector -isystem /opt/ros/humble/include/builtin_interfaces -isystem /opt/ros/humble/include/rosidl_runtime_c -isystem /opt/ros/humble/include/rcutils -isystem /opt/ros/humble/include/rosidl_typesupport_interface -isystem /opt/ros/humble/include/rosidl_runtime_cpp -isystem /opt/ros/humble/include/rosidl_typesupport_fastrtps_cpp -isystem /opt/ros/humble/include/rmw -isystem /opt/ros/humble/include/rosidl_typesupport_fastrtps_c -isystem /opt/ros/humble/include/rosidl_typesupport_introspection_c -isystem /opt/ros/humble/include/rosidl_typesupport_introspection_cpp -isystem /opt/ros/humble/include/rcl -isystem /opt/ros/humble/include/rcl_interfaces -isystem /opt/ros/humble/include/rcl_logging_interface -isystem /opt/ros/humble/include/rcl_yaml_param_parser -isystem /opt/ros/humble/include/libyaml_vendor -isystem /opt/ros/humble/include/tracetools -isystem /opt/ros/humble/include/rcpputils -isystem /opt/ros/humble/include/statistics_msgs -isystem /opt/ros/humble/include/rosgraph_msgs -isystem /opt/ros/humble/include/rosidl_typesupport_cpp -isystem /opt/ros/humble/include/rosidl_typesupport_c -isystem /opt/ros/humble/include/geometry_msgs -isystem /opt/ros/humble/include/std_msgs -fPIC -Wall -Wextra -Wpedantic -MD -MT CMakeFiles/nodegraph.dir/src/discovery_server.cpp.o -MF CMakeFiles/nodegraph.dir/src/discovery_server.cpp.o.d -o CMakeFiles/nodegraph.dir/src/discovery_server.cpp.o -c /home/biblbrox/Tesis/robot_controller/src/c/src/discovery_server.cpp
[01m[K/home/biblbrox/Tesis/robot_controller/src/c/src/discovery_server.cpp:[m[K In function â€˜[01m[Kvoid kill_server_callback(ParticipantData, void*, void*)[m[Kâ€™:
[01m[K/home/biblbrox/Tesis/robot_controller/src/c/src/discovery_server.cpp:127:40:[m[K [01;35m[Kwarning: [m[Kunused parameter â€˜[01m[Kuser_data[m[Kâ€™ [[01;35m[K]8;;https://gcc.gnu.org/onlinedocs/gcc/Warning-Options.html#index-Wunused-parameter-Wunused-parameter]8;;[m[K]
  127 |                                  [01;35m[Kvoid *user_data[m[K, void *discoverer)
      |                                  [01;35m[K~~~~~~^~~~~~~~~[m[K
[01m[K/home/biblbrox/Tesis/robot_controller/src/c/src/discovery_server.cpp:127:57:[m[K [01;35m[Kwarning: [m[Kunused parameter â€˜[01m[Kdiscoverer[m[Kâ€™ [[01;35m[K]8;;https://gcc.gnu.org/onlinedocs/gcc/Warning-Options.html#index-Wunused-parameter-Wunused-parameter]8;;[m[K]
  127 |                                  void *user_data, [01;35m[Kvoid *discoverer[m[K)
      |                                                   [01;35m[K~~~~~~^~~~~~~~~~[m[K
[01m[K/home/biblbrox/Tesis/robot_controller/src/c/src/discovery_server.cpp:[m[K In function â€˜[01m[Kint stop_discovery_server_impl(uint32_t)[m[Kâ€™:
[01m[K/home/biblbrox/Tesis/robot_controller/src/c/src/discovery_server.cpp:162:75:[m[K [01;31m[Kerror: [m[Kâ€˜[01m[Kdiscoverer[m[Kâ€™ was not declared in this scope
  162 |                 kill_server_callback, user_data_on_discovery_participant, [01;31m[Kdiscoverer[m[K);
      |                                                                           [01;31m[K^~~~~~~~~~[m[K
[01m[K/home/biblbrox/Tesis/robot_controller/src/c/src/discovery_server.cpp:[m[K In function â€˜[01m[Kvoid register_discoverer(void*)[m[Kâ€™:
[01m[K/home/biblbrox/Tesis/robot_controller/src/c/src/discovery_server.cpp:227:5:[m[K [01;31m[Kerror: [m[Kâ€˜[01m[Kdiscoverer[m[Kâ€™ was not declared in this scope; did you mean â€˜[01m[Kdiscoverer_[m[Kâ€™?
  227 |     [01;31m[Kdiscoverer[m[K = discoverer_;
      |     [01;31m[K^~~~~~~~~~[m[K
      |     [32m[Kdiscoverer_[m[K
gmake[2]: *** [CMakeFiles/nodegraph.dir/build.make:93: CMakeFiles/nodegraph.dir/src/discovery_server.cpp.o] Error 1
gmake[2]: Leaving directory '/home/biblbrox/Tesis/robot_controller/src/c/build/nodegraph'
gmake[1]: *** [CMakeFiles/Makefile2:140: CMakeFiles/nodegraph.dir/all] Error 2
gmake: *** [Makefile:149: all] Error 2
gmake[1]: Leaving directory '/home/biblbrox/Tesis/robot_controller/src/c/build/nodegraph'
