[0.009s] Invoking command in '/home/biblbrox/Tesis/robot_controller/src/c/build/nodegraph': CMAKE_PREFIX_PATH=/opt/ros/humble /usr/bin/cmake --build /home/biblbrox/Tesis/robot_controller/src/c/build/nodegraph -- -j16 -l16
[0.015s] /usr/bin/cmake -S/home/biblbrox/Tesis/robot_controller/src/c -B/home/biblbrox/Tesis/robot_controller/src/c/build/nodegraph --check-build-system CMakeFiles/Makefile.cmake 0
[0.022s] /usr/bin/cmake -E cmake_progress_start /home/biblbrox/Tesis/robot_controller/src/c/build/nodegraph/CMakeFiles /home/biblbrox/Tesis/robot_controller/src/c/build/nodegraph//CMakeFiles/progress.marks
[0.027s] /usr/bin/gmake  -f CMakeFiles/Makefile2 all
[0.028s] gmake[1]: Entering directory '/home/biblbrox/Tesis/robot_controller/src/c/build/nodegraph'
[0.028s] /usr/bin/gmake  -f CMakeFiles/nodegraph.dir/build.make CMakeFiles/nodegraph.dir/depend
[0.031s] gmake[2]: Entering directory '/home/biblbrox/Tesis/robot_controller/src/c/build/nodegraph'
[0.031s] cd /home/biblbrox/Tesis/robot_controller/src/c/build/nodegraph && /usr/bin/cmake -E cmake_depends "Unix Makefiles" /home/biblbrox/Tesis/robot_controller/src/c /home/biblbrox/Tesis/robot_controller/src/c /home/biblbrox/Tesis/robot_controller/src/c/build/nodegraph /home/biblbrox/Tesis/robot_controller/src/c/build/nodegraph /home/biblbrox/Tesis/robot_controller/src/c/build/nodegraph/CMakeFiles/nodegraph.dir/DependInfo.cmake --color=
[0.036s] [35m[1mConsolidate compiler generated dependencies of target nodegraph[0m
[0.041s] gmake[2]: Leaving directory '/home/biblbrox/Tesis/robot_controller/src/c/build/nodegraph'
[0.041s] /usr/bin/gmake  -f CMakeFiles/nodegraph.dir/build.make CMakeFiles/nodegraph.dir/build
[0.044s] gmake[2]: Entering directory '/home/biblbrox/Tesis/robot_controller/src/c/build/nodegraph'
[0.049s] [ 25%] [32mBuilding CXX object CMakeFiles/nodegraph.dir/src/discovery_domain_listener.cpp.o[0m
[0.050s] [ 50%] [32mBuilding CXX object CMakeFiles/nodegraph.dir/src/discovery_server.cpp.o[0m
[0.050s] /usr/bin/c++ -DDEFAULT_RMW_IMPLEMENTATION=rmw_fastrtps_cpp -DFOONATHAN_MEMORY=1 -DFOONATHAN_MEMORY_VERSION_MAJOR=0 -DFOONATHAN_MEMORY_VERSION_MINOR=7 -DFOONATHAN_MEMORY_VERSION_PATCH=1 -DRCUTILS_ENABLE_FAULT_INJECTION -Dnodegraph_EXPORTS -I/opt/ros/humble/include -isystem /opt/ros/humble/include/fastrtps -isystem /opt/ros/humble/include/rclcpp -isystem /opt/ros/humble/include/sensor_msgs -isystem /opt/ros/humble/include/fastcdr -isystem /opt/ros/humble/include/foonathan_memory -isystem /opt/ros/humble/include/ament_index_cpp -isystem /opt/ros/humble/include/libstatistics_collector -isystem /opt/ros/humble/include/builtin_interfaces -isystem /opt/ros/humble/include/rosidl_runtime_c -isystem /opt/ros/humble/include/rcutils -isystem /opt/ros/humble/include/rosidl_typesupport_interface -isystem /opt/ros/humble/include/rosidl_runtime_cpp -isystem /opt/ros/humble/include/rosidl_typesupport_fastrtps_cpp -isystem /opt/ros/humble/include/rmw -isystem /opt/ros/humble/include/rosidl_typesupport_fastrtps_c -isystem /opt/ros/humble/include/rosidl_typesupport_introspection_c -isystem /opt/ros/humble/include/rosidl_typesupport_introspection_cpp -isystem /opt/ros/humble/include/rcl -isystem /opt/ros/humble/include/rcl_interfaces -isystem /opt/ros/humble/include/rcl_logging_interface -isystem /opt/ros/humble/include/rcl_yaml_param_parser -isystem /opt/ros/humble/include/libyaml_vendor -isystem /opt/ros/humble/include/tracetools -isystem /opt/ros/humble/include/rcpputils -isystem /opt/ros/humble/include/statistics_msgs -isystem /opt/ros/humble/include/rosgraph_msgs -isystem /opt/ros/humble/include/rosidl_typesupport_cpp -isystem /opt/ros/humble/include/rosidl_typesupport_c -isystem /opt/ros/humble/include/geometry_msgs -isystem /opt/ros/humble/include/std_msgs -fPIC -Wall -Wextra -Wpedantic -MD -MT CMakeFiles/nodegraph.dir/src/discovery_domain_listener.cpp.o -MF CMakeFiles/nodegraph.dir/src/discovery_domain_listener.cpp.o.d -o CMakeFiles/nodegraph.dir/src/discovery_domain_listener.cpp.o -c /home/biblbrox/Tesis/robot_controller/src/c/src/discovery_domain_listener.cpp
[0.050s] /usr/bin/c++ -DDEFAULT_RMW_IMPLEMENTATION=rmw_fastrtps_cpp -DFOONATHAN_MEMORY=1 -DFOONATHAN_MEMORY_VERSION_MAJOR=0 -DFOONATHAN_MEMORY_VERSION_MINOR=7 -DFOONATHAN_MEMORY_VERSION_PATCH=1 -DRCUTILS_ENABLE_FAULT_INJECTION -Dnodegraph_EXPORTS -I/opt/ros/humble/include -isystem /opt/ros/humble/include/fastrtps -isystem /opt/ros/humble/include/rclcpp -isystem /opt/ros/humble/include/sensor_msgs -isystem /opt/ros/humble/include/fastcdr -isystem /opt/ros/humble/include/foonathan_memory -isystem /opt/ros/humble/include/ament_index_cpp -isystem /opt/ros/humble/include/libstatistics_collector -isystem /opt/ros/humble/include/builtin_interfaces -isystem /opt/ros/humble/include/rosidl_runtime_c -isystem /opt/ros/humble/include/rcutils -isystem /opt/ros/humble/include/rosidl_typesupport_interface -isystem /opt/ros/humble/include/rosidl_runtime_cpp -isystem /opt/ros/humble/include/rosidl_typesupport_fastrtps_cpp -isystem /opt/ros/humble/include/rmw -isystem /opt/ros/humble/include/rosidl_typesupport_fastrtps_c -isystem /opt/ros/humble/include/rosidl_typesupport_introspection_c -isystem /opt/ros/humble/include/rosidl_typesupport_introspection_cpp -isystem /opt/ros/humble/include/rcl -isystem /opt/ros/humble/include/rcl_interfaces -isystem /opt/ros/humble/include/rcl_logging_interface -isystem /opt/ros/humble/include/rcl_yaml_param_parser -isystem /opt/ros/humble/include/libyaml_vendor -isystem /opt/ros/humble/include/tracetools -isystem /opt/ros/humble/include/rcpputils -isystem /opt/ros/humble/include/statistics_msgs -isystem /opt/ros/humble/include/rosgraph_msgs -isystem /opt/ros/humble/include/rosidl_typesupport_cpp -isystem /opt/ros/humble/include/rosidl_typesupport_c -isystem /opt/ros/humble/include/geometry_msgs -isystem /opt/ros/humble/include/std_msgs -fPIC -Wall -Wextra -Wpedantic -MD -MT CMakeFiles/nodegraph.dir/src/discovery_server.cpp.o -MF CMakeFiles/nodegraph.dir/src/discovery_server.cpp.o.d -o CMakeFiles/nodegraph.dir/src/discovery_server.cpp.o -c /home/biblbrox/Tesis/robot_controller/src/c/src/discovery_server.cpp
[0.955s] [01m[K/home/biblbrox/Tesis/robot_controller/src/c/src/discovery_server.cpp:[m[K In function â€˜[01m[Kvoid kill_server_callback(ParticipantData, void*, void*)[m[Kâ€™:
[0.955s] [01m[K/home/biblbrox/Tesis/robot_controller/src/c/src/discovery_server.cpp:127:40:[m[K [01;35m[Kwarning: [m[Kunused parameter â€˜[01m[Kuser_data[m[Kâ€™ [[01;35m[K]8;;https://gcc.gnu.org/onlinedocs/gcc/Warning-Options.html#index-Wunused-parameter-Wunused-parameter]8;;[m[K]
[0.955s]   127 |                                  [01;35m[Kvoid *user_data[m[K, void *discoverer)
[0.955s]       |                                  [01;35m[K~~~~~~^~~~~~~~~[m[K
[0.955s] [01m[K/home/biblbrox/Tesis/robot_controller/src/c/src/discovery_server.cpp:127:57:[m[K [01;35m[Kwarning: [m[Kunused parameter â€˜[01m[Kdiscoverer[m[Kâ€™ [[01;35m[K]8;;https://gcc.gnu.org/onlinedocs/gcc/Warning-Options.html#index-Wunused-parameter-Wunused-parameter]8;;[m[K]
[0.956s]   127 |                                  void *user_data, [01;35m[Kvoid *discoverer[m[K)
[0.956s]       |                                                   [01;35m[K~~~~~~^~~~~~~~~~[m[K
[0.958s] [01m[K/home/biblbrox/Tesis/robot_controller/src/c/src/discovery_server.cpp:[m[K In function â€˜[01m[Kint stop_discovery_server_impl(uint32_t)[m[Kâ€™:
[0.958s] [01m[K/home/biblbrox/Tesis/robot_controller/src/c/src/discovery_server.cpp:162:75:[m[K [01;31m[Kerror: [m[Kâ€˜[01m[Kdiscoverer[m[Kâ€™ was not declared in this scope
[0.958s]   162 |                 kill_server_callback, user_data_on_discovery_participant, [01;31m[Kdiscoverer[m[K);
[0.958s]       |                                                                           [01;31m[K^~~~~~~~~~[m[K
[0.960s] [01m[K/home/biblbrox/Tesis/robot_controller/src/c/src/discovery_server.cpp:[m[K In function â€˜[01m[Kvoid register_discoverer(void*)[m[Kâ€™:
[0.960s] [01m[K/home/biblbrox/Tesis/robot_controller/src/c/src/discovery_server.cpp:227:5:[m[K [01;31m[Kerror: [m[Kâ€˜[01m[Kdiscoverer[m[Kâ€™ was not declared in this scope; did you mean â€˜[01m[Kdiscoverer_[m[Kâ€™?
[0.961s]   227 |     [01;31m[Kdiscoverer[m[K = discoverer_;
[0.961s]       |     [01;31m[K^~~~~~~~~~[m[K
[0.961s]       |     [32m[Kdiscoverer_[m[K
[1.385s] gmake[2]: *** [CMakeFiles/nodegraph.dir/build.make:93: CMakeFiles/nodegraph.dir/src/discovery_server.cpp.o] Error 1
[1.385s] gmake[2]: Leaving directory '/home/biblbrox/Tesis/robot_controller/src/c/build/nodegraph'
[1.386s] gmake[1]: *** [CMakeFiles/Makefile2:140: CMakeFiles/nodegraph.dir/all] Error 2
[1.386s] gmake: *** [Makefile:149: all] Error 2
[1.386s] gmake[1]: Leaving directory '/home/biblbrox/Tesis/robot_controller/src/c/build/nodegraph'
[1.387s] Invoked command in '/home/biblbrox/Tesis/robot_controller/src/c/build/nodegraph' returned '2': CMAKE_PREFIX_PATH=/opt/ros/humble /usr/bin/cmake --build /home/biblbrox/Tesis/robot_controller/src/c/build/nodegraph -- -j16 -l16
